
Thu 14 Mar 2024 02:58:29 PM UTC: 
In file included from test.c:1:
exercises.c:1:3: error: stray ‘#’ in program
    1 | a #include <ctype.h>
      |   ^
exercises.c:1:1: error: unknown type name ‘a’
    1 | a #include <ctype.h>
      | ^
exercises.c:1:12: error: expected ‘=’, ‘,’, ‘;’, ‘asm’ or ‘__attribute__’ before ‘<’ token
    1 | a #include <ctype.h>
      |            ^
In file included from /nix/store/4pqv2mwdn88h7xvsm7a5zplrd8sxzvw0-glibc-2.35-163-dev/include/stdlib.h:395,
                 from exercises.c:4,
                 from test.c:1:
/nix/store/4pqv2mwdn88h7xvsm7a5zplrd8sxzvw0-glibc-2.35-163-dev/include/sys/types.h:33:9: error: unknown type name ‘__u_char’
   33 | typedef __u_char u_char;
      |         ^~~~~~~~
Compilation failed
56ebb88
Thu 14 Mar 2024 03:04:18 PM UTC: 
 exercises.c | 14 ++++++++++++--
 1 file changed, 12 insertions(+), 2 deletions(-)
 tests:  0|7
total_score: 0/70
63387e3
Thu 14 Mar 2024 03:05:00 PM UTC: 
 exercises.c | 2 +-
 1 file changed, 1 insertion(+), 1 deletion(-)
 tests:  0|6
total_score: 10/70
97eed9e
Thu 14 Mar 2024 03:10:07 PM UTC: 
 exercises.c | 12 +++++++++++-
 1 file changed, 11 insertions(+), 1 deletion(-)
In file included from test.c:1:
exercises.c: In function ‘reverseArray’:
exercises.c:34:5: error: expected ‘(’ before ‘}’ token
   34 |     }
      |     ^
      |     (
exercises.c:29:7: error: variable ‘temp’ set but not used [-Werror=unused-but-set-variable]
   29 |   int temp;
      |       ^~~~
cc1: all warnings being treated as errors
Compilation failed
27cbb63
